[debug] [2021-06-17T05:23:28.817Z] ----------------------------------------------------------------------
[debug] [2021-06-17T05:23:28.819Z] Command:       C:\Program Files\nodejs\node.exe C:\Users\gaura\AppData\Roaming\npm\node_modules\firebase-tools\lib\bin\firebase.js init
[debug] [2021-06-17T05:23:28.820Z] CLI Version:   9.13.0
[debug] [2021-06-17T05:23:28.820Z] Platform:      win32
[debug] [2021-06-17T05:23:28.820Z] Node Version:  v14.15.1
[debug] [2021-06-17T05:23:28.821Z] Time:          Thu Jun 17 2021 10:53:28 GMT+0530 (India Standard Time)
[debug] [2021-06-17T05:23:28.821Z] ----------------------------------------------------------------------
[debug] 
[debug] [2021-06-17T05:23:28.827Z] > command requires scopes: ["email","openid","https://www.googleapis.com/auth/cloudplatformprojects.readonly","https://www.googleapis.com/auth/firebase","https://www.googleapis.com/auth/cloud-platform"]
[debug] [2021-06-17T05:23:28.827Z] > authorizing via signed-in user (gjain8369@gmail.com)
[info] 
     ######## #### ########  ######## ########     ###     ######  ########
     ##        ##  ##     ## ##       ##     ##  ##   ##  ##       ##
     ######    ##  ########  ######   ########  #########  ######  ######
     ##        ##  ##    ##  ##       ##     ## ##     ##       ## ##
     ##       #### ##     ## ######## ########  ##     ##  ######  ########

You're about to initialize a Firebase project in this directory:

  D:\Previous_Laptop_Data\react\tinder\tinder-clone

[info] 
=== Project Setup
[info] 
[info] First, let's associate this project directory with a Firebase project.
[info] You can create multiple project aliases by running firebase use --add, 
[info] but for now we'll just set up a default project.
[info] 
[debug] [2021-06-17T05:23:35.587Z] >>> [apiv2][query] GET https://firebase.googleapis.com/v1beta1/projects pageSize=100
[debug] [2021-06-17T05:23:36.190Z] <<< [apiv2][status] GET https://firebase.googleapis.com/v1beta1/projects 200
[debug] [2021-06-17T05:23:36.190Z] <<< [apiv2][body] GET https://firebase.googleapis.com/v1beta1/projects [omitted]
[info] i  Using project tinder-clone-ed59b (tinder-clone) 
[info] 
=== Hosting Setup
[info] 
[info] Your public directory is the folder (relative to your project directory) that
[info] will contain Hosting assets to be uploaded with firebase deploy. If you
[info] have a build process for your assets, use your build's output directory.
[info] 
[debug] [2021-06-17T05:24:00.515Z] >>> [apiv2][query] GET https://www.gstatic.com/firebasejs/releases.json [none]
[debug] [2021-06-17T05:24:00.614Z] <<< [apiv2][status] GET https://www.gstatic.com/firebasejs/releases.json 200
[debug] [2021-06-17T05:24:00.615Z] <<< [apiv2][body] GET https://www.gstatic.com/firebasejs/releases.json {"current":{"version":"8.6.7","browserURL":"https://www.gstatic.com/firebasejs/8.6.7/firebase.js","packageURL":"https://www.gstatic.com/firebasejs/8.6.7/firebase.tgz"},"live":{"version":"8.6","browserURL":"https://www.gstatic.com/firebasejs/live/8.6/firebase.js","packageURL":"https://www.gstatic.com/firebasejs/live/8.6/firebase.tgz"},"components":{"analytics":"https://www.gstatic.com/firebasejs/8.6.7/firebase-analytics.js","app":"https://www.gstatic.com/firebasejs/8.6.7/firebase-app.js","app-check":"https://www.gstatic.com/firebasejs/8.6.7/firebase-app-check.js","auth":"https://www.gstatic.com/firebasejs/8.6.7/firebase-auth.js","database":"https://www.gstatic.com/firebasejs/8.6.7/firebase-database.js","firestore":"https://www.gstatic.com/firebasejs/8.6.7/firebase-firestore.js","functions":"https://www.gstatic.com/firebasejs/8.6.7/firebase-functions.js","installations":"https://www.gstatic.com/firebasejs/8.6.7/firebase-installations.js","messaging":"https://www.gstatic.com/firebasejs/8.6.7/firebase-messaging.js","storage":"https://www.gstatic.com/firebasejs/8.6.7/firebase-storage.js","performance":"https://www.gstatic.com/firebasejs/8.6.7/firebase-performance.js","remote-config":"https://www.gstatic.com/firebasejs/8.6.7/firebase-remote-config.js","firestore.memory":"https://www.gstatic.com/firebasejs/8.6.7/firebase-firestore.memory.js"}}
[info] +  Wrote public/index.html 
[info] 
[info] i  Detected a .git folder at D:\Previous_Laptop_Data\react\tinder\tinder-clone 
[info] i  Authorizing with GitHub to upload your service account to a GitHub repository's secrets store. 
[info] 
[info] Visit this URL on this device to log in:
[info] https://github.com/login/oauth/authorize?client_id=89cf50f02ac6aaed3484&state=901694583&redirect_uri=http%3A%2F%2Flocalhost%3A9005&scope=read%3Auser%20repo%20public_repo
[info] 
[info] Waiting for authentication...
[debug] [2021-06-17T05:24:15.784Z] >>> HTTP REQUEST POST https://github.com/login/oauth/access_token  
 {"client_id":"89cf50f02ac6aaed3484","client_secret":"3330d14abc895d9a74d5f17cd7a00711fa2c5bf0","code":"733b9e9b6b1ea9c64d53","redirect_uri":"http://localhost:9005","state":"901694583"}
[debug] [2021-06-17T05:24:16.127Z] <<< HTTP RESPONSE 200 {"server":"GitHub.com","date":"Thu, 17 Jun 2021 05:24:16 GMT","content-type":"application/json; charset=utf-8","transfer-encoding":"chunked","vary":"X-PJAX, Accept-Encoding, Accept, X-Requested-With","permissions-policy":"interest-cohort=()","etag":"W/\"9aeea7bbcb8d2b4680651a2bf2e75fb7\"","cache-control":"max-age=0, private, must-revalidate","strict-transport-security":"max-age=31536000; includeSubdomains; preload","x-frame-options":"deny","x-content-type-options":"nosniff","x-xss-protection":"0","referrer-policy":"origin-when-cross-origin, strict-origin-when-cross-origin","expect-ct":"max-age=2592000, report-uri=\"https://api.github.com/_private/browser/errors\"","content-security-policy":"default-src 'none'; base-uri 'self'; block-all-mixed-content; connect-src 'self' uploads.github.com www.githubstatus.com collector.githubapp.com api.github.com github-cloud.s3.amazonaws.com github-production-repository-file-5c1aeb.s3.amazonaws.com github-production-upload-manifest-file-7fdce7.s3.amazonaws.com github-production-user-asset-6210df.s3.amazonaws.com html-translator.herokuapp.com cdn.optimizely.com logx.optimizely.com/v1/events wss://alive.github.com; font-src github.githubassets.com; form-action 'self' github.com gist.github.com; frame-ancestors 'none'; frame-src render.githubusercontent.com; img-src 'self' data: github.githubassets.com identicons.github.com collector.githubapp.com github-cloud.s3.amazonaws.com secured-user-images.githubusercontent.com/ *.githubusercontent.com; manifest-src 'self'; media-src 'none'; script-src github.githubassets.com; style-src 'unsafe-inline' github.githubassets.com; worker-src github.com/socket-worker-3f088aa2.js gist.github.com/socket-worker-3f088aa2.js","x-github-request-id":"DEF7:4412:66FDB3:6E8A12:60CADC80"}
[debug] [2021-06-17T05:24:16.137Z] >>> [apiv2][query] GET https://api.github.com/user [none]
[debug] [2021-06-17T05:24:16.501Z] <<< [apiv2][status] GET https://api.github.com/user 200
[debug] [2021-06-17T05:24:16.502Z] <<< [apiv2][body] GET https://api.github.com/user {"login":"gaurav12899","id":44408208,"node_id":"MDQ6VXNlcjQ0NDA4MjA4","avatar_url":"https://avatars.githubusercontent.com/u/44408208?v=4","gravatar_id":"","url":"https://api.github.com/users/gaurav12899","html_url":"https://github.com/gaurav12899","followers_url":"https://api.github.com/users/gaurav12899/followers","following_url":"https://api.github.com/users/gaurav12899/following{/other_user}","gists_url":"https://api.github.com/users/gaurav12899/gists{/gist_id}","starred_url":"https://api.github.com/users/gaurav12899/starred{/owner}{/repo}","subscriptions_url":"https://api.github.com/users/gaurav12899/subscriptions","organizations_url":"https://api.github.com/users/gaurav12899/orgs","repos_url":"https://api.github.com/users/gaurav12899/repos","events_url":"https://api.github.com/users/gaurav12899/events{/privacy}","received_events_url":"https://api.github.com/users/gaurav12899/received_events","type":"User","site_admin":false,"name":"Gaurav Jain","company":null,"blog":"","location":null,"email":null,"hireable":null,"bio":"CS Engineering student","twitter_username":null,"public_repos":24,"public_gists":0,"followers":3,"following":5,"created_at":"2018-10-23T15:34:44Z","updated_at":"2021-06-17T05:24:15Z","private_gists":0,"total_private_repos":22,"owned_private_repos":22,"disk_usage":2237256,"collaborators":1,"two_factor_authentication":true,"plan":{"name":"pro","space":976562499,"collaborators":0,"private_repos":9999}}
[info] 
[info] +  Success! Logged into GitHub as gaurav12899 
[info] 
